INFO:root:Latency: 1.3411462306976318
INFO:root:Latency: 0.1448075771331787
INFO:root:Latency: 0.11278128623962402
INFO:root:Latency: 0.10621142387390137
INFO:root:Latency: 0.10169339179992676
INFO:root:Latency: 0.0938272476196289
INFO:root:Latency: 0.09428167343139648
INFO:root:Latency: 0.09207725524902344
INFO:root:Latency: 0.09972381591796875
INFO:root:Latency: 0.12840533256530762
INFO:root:Latency: 0.16614127159118652
INFO:root:Latency: 0.11441373825073242
INFO:root:Latency: 0.09668231010437012
INFO:root:Latency: 0.09545660018920898
INFO:root:Latency: 0.09596610069274902
INFO:root:Latency: 0.09717416763305664
INFO:root:Latency: 0.09127473831176758
INFO:root:Latency: 0.09377646446228027
INFO:root:Latency: 0.09705281257629395
INFO:root:Latency: 2.108631134033203
INFO:root:Latency: 0.16022348403930664
INFO:root:Latency: 0.1119842529296875
INFO:root:Latency: 0.09775829315185547
INFO:root:Latency: 0.0978536605834961
INFO:root:Latency: 0.09746050834655762
INFO:root:Latency: 0.09579110145568848
INFO:root:Latency: 0.0923154354095459
INFO:root:Latency: 0.09211301803588867
INFO:root:Latency: 0.09258437156677246
INFO:root:Latency: 1.6287510395050049
INFO:root:Latency: 0.16379308700561523
INFO:root:Latency: 0.10833859443664551
INFO:root:Latency: 0.10020756721496582
INFO:root:Latency: 0.10880517959594727
INFO:root:Latency: 0.09645223617553711
INFO:root:Latency: 0.09736132621765137
INFO:root:Latency: 0.09549164772033691
INFO:root:Latency: 0.09216523170471191
INFO:root:Latency: 0.09397006034851074
INFO:root:Latency: 1.6357641220092773
INFO:root:Latency: 0.15253353118896484
INFO:root:Latency: 0.10303997993469238
INFO:root:Latency: 0.09911727905273438
INFO:root:Latency: 0.09493780136108398
INFO:root:Latency: 0.09951519966125488
INFO:root:Latency: 0.09339594841003418
INFO:root:Latency: 0.09591484069824219
INFO:root:Latency: 0.09284758567810059
INFO:root:Latency: 0.09130263328552246
INFO:root:Latency: 1.934598445892334
INFO:root:Latency: 0.16550302505493164
INFO:root:Latency: 0.10233402252197266
INFO:root:Latency: 0.0987081527709961
INFO:root:Latency: 0.0996091365814209
INFO:root:Latency: 0.0948941707611084
INFO:root:Latency: 0.09393024444580078
INFO:root:Latency: 0.09429049491882324
INFO:root:Latency: 0.09749746322631836
INFO:root:Latency: 0.11047244071960449
INFO:root:Latency: 1.7229411602020264
INFO:root:Latency: 0.17998862266540527
INFO:root:Latency: 0.11965060234069824
INFO:root:Latency: 0.11719655990600586
INFO:root:Latency: 0.10679435729980469
INFO:root:Latency: 0.11026573181152344
INFO:root:Latency: 0.09607720375061035
INFO:root:Latency: 0.09454131126403809
INFO:root:Latency: 0.09627628326416016
INFO:root:Latency: 0.09255814552307129
INFO:root:Latency: 1.6572363376617432
INFO:root:Latency: 0.1605973243713379
INFO:root:Latency: 0.0994265079498291
INFO:root:Latency: 0.10083675384521484
INFO:root:Latency: 0.09389257431030273
INFO:root:Latency: 0.09163379669189453
INFO:root:Latency: 0.09810137748718262
INFO:root:Latency: 0.09447884559631348
INFO:root:Latency: 0.10006117820739746
INFO:root:Latency: 0.10215449333190918
INFO:root:Latency: 1.8052372932434082
INFO:root:Latency: 0.1608877182006836
INFO:root:Latency: 0.1090552806854248
INFO:root:Latency: 0.10074687004089355
INFO:root:Latency: 0.09751462936401367
INFO:root:Latency: 0.09423327445983887
INFO:root:Latency: 0.10294246673583984
INFO:root:Latency: 0.09723210334777832
INFO:root:Latency: 0.09311461448669434
INFO:root:Latency: 0.09645390510559082
INFO:root:Latency: 3.7045209407806396
INFO:root:Latency: 0.16077923774719238
INFO:root:Latency: 0.1141965389251709
INFO:root:Latency: 0.11110424995422363
INFO:root:Latency: 0.1091151237487793
INFO:root:Latency: 0.10740470886230469
INFO:root:Latency: 0.10586667060852051
INFO:root:Latency: 0.10012435913085938
INFO:root:Latency: 0.09315919876098633
INFO:root:Latency: 0.09051394462585449
INFO:root:Latency: 3.6856374740600586
INFO:root:Latency: 0.1601274013519287
INFO:root:Latency: 0.11344289779663086
INFO:root:Latency: 0.10106587409973145
INFO:root:Latency: 0.09679460525512695
INFO:root:Latency: 0.09545421600341797
INFO:root:Latency: 0.09761333465576172
INFO:root:Latency: 0.09562468528747559
INFO:root:Latency: 0.09652853012084961
INFO:root:Latency: 0.09588027000427246
INFO:root:Latency: 6.040367603302002
INFO:root:Latency: 0.18381619453430176
INFO:root:Latency: 0.12353801727294922
INFO:root:Latency: 0.1069650650024414
INFO:root:Latency: 0.10652303695678711
INFO:root:Latency: 0.10404205322265625
INFO:root:Latency: 0.10171842575073242
INFO:root:Latency: 0.09379172325134277
INFO:root:Latency: 0.09495067596435547
INFO:root:Latency: 0.09693741798400879
INFO:root:Latency: 5.801706075668335
INFO:root:Latency: 0.1587972640991211
INFO:root:Latency: 0.1088552474975586
INFO:root:Latency: 0.10855865478515625
INFO:root:Latency: 0.09228825569152832
INFO:root:Latency: 0.09076714515686035
INFO:root:Latency: 0.08970022201538086
INFO:root:Latency: 0.09191727638244629
INFO:root:Latency: 0.09704923629760742
INFO:root:Latency: 0.09277629852294922
INFO:root:Latency: 1.7324261665344238
INFO:root:Latency: 0.1613597869873047
INFO:root:Latency: 0.10493969917297363
INFO:root:Latency: 0.09466385841369629
INFO:root:Latency: 0.0945274829864502
INFO:root:Latency: 0.09234881401062012
INFO:root:Latency: 0.09168386459350586
INFO:root:Latency: 0.09627008438110352
INFO:root:Latency: 0.09320878982543945
INFO:root:Latency: 0.08743000030517578
INFO:root:Latency: 3.9875950813293457
INFO:root:Latency: 0.15786528587341309
INFO:root:Latency: 0.10767674446105957
INFO:root:Latency: 0.09754705429077148
INFO:root:Latency: 0.1001124382019043
INFO:root:Latency: 0.09243893623352051
INFO:root:Latency: 0.09525060653686523
INFO:root:Latency: 0.09425520896911621
INFO:root:Latency: 0.09368157386779785
INFO:root:Latency: 0.09495687484741211
INFO:root:Latency: 3.722282886505127
INFO:root:Latency: 0.16281485557556152
INFO:root:Latency: 0.12054681777954102
INFO:root:Latency: 0.0955512523651123
INFO:root:Latency: 0.10600996017456055
INFO:root:Latency: 0.09369969367980957
INFO:root:Latency: 0.09323763847351074
INFO:root:Latency: 0.09419679641723633
INFO:root:Latency: 0.09526467323303223
INFO:root:Latency: 0.09492778778076172
INFO:root:Latency: 3.8492016792297363
INFO:root:Latency: 0.1583559513092041
INFO:root:Latency: 0.10596489906311035
INFO:root:Latency: 0.11625194549560547
INFO:root:Latency: 0.0950765609741211
INFO:root:Latency: 0.09533119201660156
INFO:root:Latency: 0.09051012992858887
INFO:root:Latency: 0.08799314498901367
INFO:root:Latency: 0.08716607093811035
INFO:root:Latency: 0.0870671272277832
INFO:root:Latency: 1.7119860649108887
INFO:root:Latency: 0.1627357006072998
INFO:root:Latency: 0.12764620780944824
INFO:root:Latency: 0.1114964485168457
INFO:root:Latency: 0.10025286674499512
INFO:root:Latency: 0.09427833557128906
INFO:root:Latency: 0.10454392433166504
INFO:root:Latency: 0.10147809982299805
INFO:root:Latency: 0.09507608413696289
INFO:root:Latency: 0.08897709846496582
INFO:root:Latency: 6.140550374984741
INFO:root:Latency: 0.21688389778137207
INFO:root:Latency: 0.12638592720031738
INFO:root:Latency: 0.11971330642700195
INFO:root:Latency: 0.11729979515075684
INFO:root:Latency: 0.11353039741516113
INFO:root:Latency: 0.10888862609863281
INFO:root:Latency: 0.10184717178344727
INFO:root:Latency: 0.09540104866027832
INFO:root:Latency: 0.09258151054382324
INFO:root:Latency: 1.3567478656768799
INFO:root:Latency: 0.1504197120666504
INFO:root:Latency: 0.10188055038452148
INFO:root:Latency: 0.09877657890319824
INFO:root:Latency: 0.0904076099395752
INFO:root:Latency: 0.10039043426513672
INFO:root:Latency: 0.09626984596252441
INFO:root:Latency: 0.10146021842956543
INFO:root:Latency: 0.09400796890258789
INFO:root:Latency: 0.09418320655822754
INFO:root:Latency: 5.980710983276367
INFO:root:Latency: 0.21710610389709473
INFO:root:Latency: 0.11894440650939941
INFO:root:Latency: 0.11646699905395508
INFO:root:Latency: 0.10471153259277344
INFO:root:Latency: 0.09862232208251953
INFO:root:Latency: 0.09724211692810059
INFO:root:Latency: 0.10391783714294434
INFO:root:Latency: 0.09776711463928223
INFO:root:Latency: 0.096282958984375
INFO:root:Latency: 5.822882652282715
INFO:root:Latency: 0.20021605491638184
INFO:root:Latency: 0.11037468910217285
INFO:root:Latency: 0.1107625961303711
INFO:root:Latency: 0.10311222076416016
INFO:root:Latency: 0.10162901878356934
INFO:root:Latency: 0.12235832214355469
INFO:root:Latency: 0.10808682441711426
INFO:root:Latency: 0.10788273811340332
INFO:root:Latency: 0.10476160049438477
INFO:root:Latency: 3.5565030574798584
INFO:root:Latency: 0.15913176536560059
INFO:root:Latency: 0.12340545654296875
INFO:root:Latency: 0.09837126731872559
INFO:root:Latency: 0.0972280502319336
INFO:root:Latency: 0.09221410751342773
INFO:root:Latency: 0.09119033813476562
INFO:root:Latency: 0.09242844581604004
INFO:root:Latency: 0.09267973899841309
INFO:root:Latency: 0.0933537483215332
INFO:root:Latency: 3.717055082321167
INFO:root:Latency: 0.16240644454956055
INFO:root:Latency: 0.1170494556427002
INFO:root:Latency: 0.09960484504699707
INFO:root:Latency: 0.09579062461853027
INFO:root:Latency: 0.09397411346435547
INFO:root:Latency: 0.09364604949951172
INFO:root:Latency: 0.09247255325317383
INFO:root:Latency: 0.09124159812927246
INFO:root:Latency: 0.0903313159942627
INFO:root:Latency: 3.8649802207946777
INFO:root:Latency: 0.16149687767028809
INFO:root:Latency: 0.10982275009155273
INFO:root:Latency: 0.09890913963317871
INFO:root:Latency: 0.09672880172729492
INFO:root:Latency: 0.09417510032653809
INFO:root:Latency: 0.09293484687805176
INFO:root:Latency: 0.09479475021362305
INFO:root:Latency: 0.09256982803344727
INFO:root:Latency: 0.09155464172363281
INFO:root:Latency: 3.8459126949310303
INFO:root:Latency: 0.17111587524414062
INFO:root:Latency: 0.10950303077697754
INFO:root:Latency: 0.10033583641052246
INFO:root:Latency: 0.10244393348693848
INFO:root:Latency: 0.09776735305786133
INFO:root:Latency: 0.09652829170227051
INFO:root:Latency: 0.09375977516174316
INFO:root:Latency: 0.09314680099487305
INFO:root:Latency: 0.09157824516296387
INFO:root:Latency: 6.02013373374939
INFO:root:Latency: 0.17080116271972656
INFO:root:Latency: 0.10858798027038574
INFO:root:Latency: 0.09561443328857422
INFO:root:Latency: 0.09371232986450195
INFO:root:Latency: 0.09158897399902344
INFO:root:Latency: 0.09319806098937988
INFO:root:Latency: 0.09248924255371094
INFO:root:Latency: 0.0937657356262207
INFO:root:Latency: 0.09176254272460938
INFO:root:Latency: 5.925476551055908
INFO:root:Latency: 0.18843483924865723
INFO:root:Latency: 0.1085977554321289
INFO:root:Latency: 0.0985870361328125
INFO:root:Latency: 0.09431338310241699
INFO:root:Latency: 0.09165072441101074
INFO:root:Latency: 0.09098672866821289
INFO:root:Latency: 0.09092211723327637
INFO:root:Latency: 0.0910787582397461
INFO:root:Latency: 0.08974456787109375
INFO:root:Latency: 6.002094984054565
INFO:root:Latency: 0.18464899063110352
INFO:root:Latency: 0.11591100692749023
INFO:root:Latency: 0.09766960144042969
INFO:root:Latency: 0.09724998474121094
INFO:root:Latency: 0.095428466796875
INFO:root:Latency: 0.10408520698547363
INFO:root:Latency: 0.1011037826538086
INFO:root:Latency: 0.10181808471679688
INFO:root:Latency: 0.10211467742919922
INFO:root:Latency: 6.2529823780059814
INFO:root:Latency: 0.17938017845153809
INFO:root:Latency: 0.11364483833312988
INFO:root:Latency: 0.10461306571960449
INFO:root:Latency: 0.10022664070129395
INFO:root:Latency: 0.09683895111083984
INFO:root:Latency: 0.09529757499694824
INFO:root:Latency: 0.1013946533203125
INFO:root:Latency: 0.09478449821472168
INFO:root:Latency: 0.09478878974914551
