INFO:root:Latency: 1.4567785263061523
INFO:root:Latency: 0.15607523918151855
INFO:root:Latency: 0.1192927360534668
INFO:root:Latency: 0.11542510986328125
INFO:root:Latency: 0.1148679256439209
INFO:root:Latency: 0.1138923168182373
INFO:root:Latency: 0.11621451377868652
INFO:root:Latency: 0.1217813491821289
INFO:root:Latency: 0.12207293510437012
INFO:root:Latency: 0.1236119270324707
INFO:root:Latency: 0.21662616729736328
INFO:root:Latency: 0.1441035270690918
INFO:root:Latency: 0.1314840316772461
INFO:root:Latency: 0.10750365257263184
INFO:root:Latency: 0.10486340522766113
INFO:root:Latency: 0.09675455093383789
INFO:root:Latency: 0.09749579429626465
INFO:root:Latency: 0.09686851501464844
INFO:root:Latency: 0.09859681129455566
INFO:root:Latency: 0.09571099281311035
INFO:root:Latency: 0.17522597312927246
INFO:root:Latency: 0.10913252830505371
INFO:root:Latency: 0.11807560920715332
INFO:root:Latency: 0.09849786758422852
INFO:root:Latency: 0.09764933586120605
INFO:root:Latency: 0.09814167022705078
INFO:root:Latency: 0.0972135066986084
INFO:root:Latency: 0.09667205810546875
INFO:root:Latency: 0.09683895111083984
INFO:root:Latency: 0.09679508209228516
INFO:root:Latency: 0.17266130447387695
INFO:root:Latency: 0.11234569549560547
INFO:root:Latency: 0.10927152633666992
INFO:root:Latency: 0.10121345520019531
INFO:root:Latency: 0.10358476638793945
INFO:root:Latency: 0.10251474380493164
INFO:root:Latency: 0.09901213645935059
INFO:root:Latency: 0.10060262680053711
INFO:root:Latency: 0.09964847564697266
INFO:root:Latency: 0.0997765064239502
INFO:root:Latency: 0.20082426071166992
INFO:root:Latency: 0.12675857543945312
INFO:root:Latency: 0.115203857421875
INFO:root:Latency: 0.1050405502319336
INFO:root:Latency: 0.10253453254699707
INFO:root:Latency: 0.10161828994750977
INFO:root:Latency: 0.10122489929199219
INFO:root:Latency: 0.10197114944458008
INFO:root:Latency: 0.10065174102783203
INFO:root:Latency: 0.10244441032409668
INFO:root:Latency: 0.1676938533782959
INFO:root:Latency: 0.12830662727355957
INFO:root:Latency: 0.11135411262512207
INFO:root:Latency: 0.10349845886230469
INFO:root:Latency: 0.09996652603149414
INFO:root:Latency: 0.09783363342285156
INFO:root:Latency: 0.10185098648071289
INFO:root:Latency: 0.10060238838195801
INFO:root:Latency: 0.09896278381347656
INFO:root:Latency: 0.09782242774963379
INFO:root:Latency: 0.16555523872375488
INFO:root:Latency: 0.12649273872375488
INFO:root:Latency: 0.11191248893737793
INFO:root:Latency: 0.11647391319274902
INFO:root:Latency: 0.11158156394958496
INFO:root:Latency: 0.11041808128356934
INFO:root:Latency: 0.11361503601074219
INFO:root:Latency: 0.10141682624816895
INFO:root:Latency: 0.10111069679260254
INFO:root:Latency: 0.09856319427490234
INFO:root:Latency: 0.17350411415100098
INFO:root:Latency: 0.12584710121154785
INFO:root:Latency: 0.12442517280578613
INFO:root:Latency: 0.11414718627929688
INFO:root:Latency: 0.11574435234069824
INFO:root:Latency: 0.11179828643798828
INFO:root:Latency: 0.10062122344970703
INFO:root:Latency: 0.09946227073669434
INFO:root:Latency: 0.1020975112915039
INFO:root:Latency: 0.10122132301330566
INFO:root:Latency: 0.22867345809936523
INFO:root:Latency: 0.12131381034851074
INFO:root:Latency: 0.11464667320251465
INFO:root:Latency: 0.11304903030395508
INFO:root:Latency: 0.10986542701721191
INFO:root:Latency: 0.10695099830627441
INFO:root:Latency: 0.1176292896270752
INFO:root:Latency: 0.11678600311279297
INFO:root:Latency: 0.118927001953125
INFO:root:Latency: 0.11526107788085938
INFO:root:Latency: 0.23716068267822266
INFO:root:Latency: 0.13065385818481445
INFO:root:Latency: 0.1162874698638916
INFO:root:Latency: 0.10106348991394043
INFO:root:Latency: 0.10620999336242676
INFO:root:Latency: 0.10847330093383789
INFO:root:Latency: 0.10732293128967285
INFO:root:Latency: 0.10556983947753906
INFO:root:Latency: 0.10466361045837402
INFO:root:Latency: 0.10283780097961426
INFO:root:Latency: 0.17399096488952637
INFO:root:Latency: 0.11790251731872559
INFO:root:Latency: 0.11492609977722168
INFO:root:Latency: 0.10234951972961426
INFO:root:Latency: 0.10428071022033691
INFO:root:Latency: 0.1093587875366211
INFO:root:Latency: 0.11143231391906738
INFO:root:Latency: 0.10591673851013184
INFO:root:Latency: 0.10284137725830078
INFO:root:Latency: 0.1014401912689209
INFO:root:Latency: 0.1551218032836914
INFO:root:Latency: 0.11200118064880371
INFO:root:Latency: 0.10735964775085449
INFO:root:Latency: 0.10153865814208984
INFO:root:Latency: 0.10744357109069824
INFO:root:Latency: 0.1039273738861084
INFO:root:Latency: 0.10099124908447266
INFO:root:Latency: 0.10158109664916992
INFO:root:Latency: 0.10092782974243164
INFO:root:Latency: 0.09872174263000488
INFO:root:Latency: 0.16377520561218262
INFO:root:Latency: 0.10664129257202148
INFO:root:Latency: 0.10948801040649414
INFO:root:Latency: 0.10303211212158203
INFO:root:Latency: 0.10114049911499023
INFO:root:Latency: 0.10202479362487793
INFO:root:Latency: 0.10116100311279297
INFO:root:Latency: 0.09944367408752441
INFO:root:Latency: 0.10167717933654785
INFO:root:Latency: 0.10222268104553223
INFO:root:Latency: 0.145188570022583
INFO:root:Latency: 0.1085655689239502
INFO:root:Latency: 0.10633611679077148
INFO:root:Latency: 0.09803509712219238
INFO:root:Latency: 0.09788918495178223
INFO:root:Latency: 0.09847044944763184
INFO:root:Latency: 0.09885716438293457
INFO:root:Latency: 0.09877443313598633
INFO:root:Latency: 0.10038638114929199
INFO:root:Latency: 0.1008763313293457
INFO:root:Latency: 0.16600656509399414
INFO:root:Latency: 0.10779190063476562
INFO:root:Latency: 0.11075067520141602
INFO:root:Latency: 0.10064125061035156
INFO:root:Latency: 0.09717726707458496
INFO:root:Latency: 0.09776544570922852
INFO:root:Latency: 0.09828639030456543
INFO:root:Latency: 0.10042834281921387
INFO:root:Latency: 0.09905123710632324
INFO:root:Latency: 0.09766674041748047
INFO:root:Latency: 0.16701149940490723
INFO:root:Latency: 0.10700392723083496
INFO:root:Latency: 0.11043953895568848
INFO:root:Latency: 0.09938931465148926
INFO:root:Latency: 0.10495424270629883
INFO:root:Latency: 0.10483789443969727
INFO:root:Latency: 0.10192179679870605
INFO:root:Latency: 0.10339832305908203
INFO:root:Latency: 0.1006476879119873
INFO:root:Latency: 0.10327792167663574
INFO:root:Latency: 0.1534559726715088
INFO:root:Latency: 0.11440277099609375
INFO:root:Latency: 0.10680413246154785
INFO:root:Latency: 0.09804773330688477
INFO:root:Latency: 0.10259652137756348
INFO:root:Latency: 0.10389375686645508
INFO:root:Latency: 0.09895658493041992
INFO:root:Latency: 0.10218048095703125
INFO:root:Latency: 0.10201239585876465
INFO:root:Latency: 0.09877848625183105
INFO:root:Latency: 0.1634654998779297
INFO:root:Latency: 0.11823821067810059
INFO:root:Latency: 0.10762953758239746
INFO:root:Latency: 0.1004641056060791
INFO:root:Latency: 0.09864592552185059
INFO:root:Latency: 0.10042023658752441
INFO:root:Latency: 0.10116004943847656
INFO:root:Latency: 0.1003580093383789
INFO:root:Latency: 0.11492800712585449
INFO:root:Latency: 0.09938764572143555
INFO:root:Latency: 0.2108173370361328
INFO:root:Latency: 0.12393569946289062
INFO:root:Latency: 0.1310570240020752
INFO:root:Latency: 0.10825109481811523
INFO:root:Latency: 0.10379862785339355
INFO:root:Latency: 0.10188078880310059
INFO:root:Latency: 0.10200691223144531
INFO:root:Latency: 0.10041642189025879
INFO:root:Latency: 0.10101509094238281
INFO:root:Latency: 0.10396170616149902
INFO:root:Latency: 0.28173327445983887
INFO:root:Latency: 0.26078343391418457
INFO:root:Latency: 0.21523237228393555
INFO:root:Latency: 0.1205739974975586
INFO:root:Latency: 0.11402273178100586
INFO:root:Latency: 0.11832475662231445
INFO:root:Latency: 0.11042094230651855
INFO:root:Latency: 0.11173653602600098
INFO:root:Latency: 0.1113734245300293
INFO:root:Latency: 0.11044883728027344
INFO:root:Latency: 0.16446948051452637
INFO:root:Latency: 0.1172478199005127
INFO:root:Latency: 0.11333799362182617
INFO:root:Latency: 0.10912871360778809
INFO:root:Latency: 0.10794663429260254
INFO:root:Latency: 0.1093437671661377
INFO:root:Latency: 0.11023402214050293
INFO:root:Latency: 0.11400389671325684
INFO:root:Latency: 0.10829973220825195
INFO:root:Latency: 0.10912179946899414
INFO:root:Latency: 0.16627001762390137
INFO:root:Latency: 0.117218017578125
INFO:root:Latency: 0.11331772804260254
INFO:root:Latency: 0.11183738708496094
INFO:root:Latency: 0.10834121704101562
INFO:root:Latency: 0.10604190826416016
INFO:root:Latency: 0.11194205284118652
INFO:root:Latency: 0.1108551025390625
INFO:root:Latency: 0.10993242263793945
INFO:root:Latency: 0.10817694664001465
INFO:root:Latency: 0.16183185577392578
INFO:root:Latency: 0.11938977241516113
INFO:root:Latency: 0.11487078666687012
INFO:root:Latency: 0.10870695114135742
INFO:root:Latency: 0.10628461837768555
INFO:root:Latency: 0.10605955123901367
INFO:root:Latency: 0.10634326934814453
INFO:root:Latency: 0.1042184829711914
INFO:root:Latency: 0.10403680801391602
INFO:root:Latency: 0.10476207733154297
INFO:root:Latency: 0.15367817878723145
INFO:root:Latency: 0.10352134704589844
INFO:root:Latency: 0.09863853454589844
INFO:root:Latency: 0.09448647499084473
INFO:root:Latency: 0.09510445594787598
INFO:root:Latency: 0.09305882453918457
INFO:root:Latency: 0.0947566032409668
INFO:root:Latency: 0.0951077938079834
INFO:root:Latency: 0.09505224227905273
INFO:root:Latency: 0.09340262413024902
INFO:root:Latency: 0.14584708213806152
INFO:root:Latency: 0.10344243049621582
INFO:root:Latency: 0.09969830513000488
INFO:root:Latency: 0.09462809562683105
INFO:root:Latency: 0.09508538246154785
INFO:root:Latency: 0.09338784217834473
INFO:root:Latency: 0.09354114532470703
INFO:root:Latency: 0.09492635726928711
INFO:root:Latency: 0.093719482421875
INFO:root:Latency: 0.09454631805419922
INFO:root:Latency: 0.14428949356079102
INFO:root:Latency: 0.10020256042480469
INFO:root:Latency: 0.09927821159362793
INFO:root:Latency: 0.09381628036499023
INFO:root:Latency: 0.09747767448425293
INFO:root:Latency: 0.09355688095092773
INFO:root:Latency: 0.09331560134887695
INFO:root:Latency: 0.09414362907409668
INFO:root:Latency: 0.09562826156616211
INFO:root:Latency: 0.09473109245300293
INFO:root:Latency: 0.1455550193786621
INFO:root:Latency: 0.10091447830200195
INFO:root:Latency: 0.10013055801391602
INFO:root:Latency: 0.09652185440063477
INFO:root:Latency: 0.10255265235900879
INFO:root:Latency: 0.09836339950561523
INFO:root:Latency: 0.09701681137084961
INFO:root:Latency: 0.09690594673156738
INFO:root:Latency: 0.09822463989257812
INFO:root:Latency: 0.0986318588256836
INFO:root:Latency: 0.14695024490356445
INFO:root:Latency: 0.10164761543273926
INFO:root:Latency: 0.09723234176635742
INFO:root:Latency: 0.09386420249938965
INFO:root:Latency: 0.09446120262145996
INFO:root:Latency: 0.09487247467041016
INFO:root:Latency: 0.09300565719604492
INFO:root:Latency: 0.09378314018249512
INFO:root:Latency: 0.09374785423278809
INFO:root:Latency: 0.09238386154174805
INFO:root:Latency: 0.14387011528015137
INFO:root:Latency: 0.10194039344787598
INFO:root:Latency: 0.0953521728515625
INFO:root:Latency: 0.09564447402954102
INFO:root:Latency: 0.09326171875
INFO:root:Latency: 0.09226036071777344
INFO:root:Latency: 0.09236764907836914
INFO:root:Latency: 0.09282755851745605
INFO:root:Latency: 0.09450459480285645
INFO:root:Latency: 0.09218001365661621
INFO:root:Latency: 0.14500641822814941
INFO:root:Latency: 0.1015937328338623
INFO:root:Latency: 0.09796357154846191
INFO:root:Latency: 0.09430575370788574
INFO:root:Latency: 0.09269833564758301
INFO:root:Latency: 0.09277009963989258
INFO:root:Latency: 0.09338736534118652
INFO:root:Latency: 0.09493112564086914
INFO:root:Latency: 0.09357905387878418
INFO:root:Latency: 0.09453678131103516
INFO:root:Latency: 0.143965482711792
INFO:root:Latency: 0.10042643547058105
INFO:root:Latency: 0.09642982482910156
INFO:root:Latency: 0.09177589416503906
INFO:root:Latency: 0.09376859664916992
INFO:root:Latency: 0.09759974479675293
INFO:root:Latency: 0.09564375877380371
INFO:root:Latency: 0.09411168098449707
INFO:root:Latency: 0.0921168327331543
INFO:root:Latency: 0.09488177299499512
INFO:root:Latency: 0.1423051357269287
INFO:root:Latency: 0.10224580764770508
INFO:root:Latency: 0.09880781173706055
INFO:root:Latency: 0.09424257278442383
INFO:root:Latency: 0.09409284591674805
INFO:root:Latency: 0.09172248840332031
INFO:root:Latency: 0.09168004989624023
INFO:root:Latency: 0.09254622459411621
INFO:root:Latency: 0.0929720401763916
INFO:root:Latency: 0.09282875061035156
INFO:root:Latency: 0.14082121849060059
INFO:root:Latency: 0.10046505928039551
INFO:root:Latency: 0.09719133377075195
INFO:root:Latency: 0.09377408027648926
INFO:root:Latency: 0.09249401092529297
INFO:root:Latency: 0.09473013877868652
INFO:root:Latency: 0.09492874145507812
INFO:root:Latency: 0.10122299194335938
INFO:root:Latency: 0.10939717292785645
INFO:root:Latency: 0.1020967960357666
INFO:root:Latency: 0.14704632759094238
INFO:root:Latency: 0.10574483871459961
INFO:root:Latency: 0.09978485107421875
INFO:root:Latency: 0.09591412544250488
INFO:root:Latency: 0.09605073928833008
INFO:root:Latency: 0.09468340873718262
INFO:root:Latency: 0.09379053115844727
INFO:root:Latency: 0.09509611129760742
INFO:root:Latency: 0.0947868824005127
INFO:root:Latency: 0.0960383415222168
INFO:root:Latency: 0.14533710479736328
INFO:root:Latency: 0.10345220565795898
INFO:root:Latency: 0.09706950187683105
INFO:root:Latency: 0.09355878829956055
INFO:root:Latency: 0.09598827362060547
INFO:root:Latency: 0.09872245788574219
INFO:root:Latency: 0.09645748138427734
INFO:root:Latency: 0.0947866439819336
INFO:root:Latency: 0.0964362621307373
INFO:root:Latency: 0.09693002700805664
INFO:root:Latency: 0.14794135093688965
INFO:root:Latency: 0.10140204429626465
INFO:root:Latency: 0.09932947158813477
INFO:root:Latency: 0.10631084442138672
INFO:root:Latency: 0.10549306869506836
INFO:root:Latency: 0.09984064102172852
INFO:root:Latency: 0.10381293296813965
INFO:root:Latency: 0.09225344657897949
INFO:root:Latency: 0.08966732025146484
INFO:root:Latency: 0.0915076732635498
INFO:root:Latency: 0.14252471923828125
INFO:root:Latency: 0.1020355224609375
INFO:root:Latency: 0.09590768814086914
INFO:root:Latency: 0.09356832504272461
INFO:root:Latency: 0.0962677001953125
INFO:root:Latency: 0.09689497947692871
INFO:root:Latency: 0.09432053565979004
INFO:root:Latency: 0.09412145614624023
INFO:root:Latency: 0.09396147727966309
INFO:root:Latency: 0.09431743621826172
INFO:root:Latency: 0.15915274620056152
INFO:root:Latency: 0.10498189926147461
INFO:root:Latency: 0.10128259658813477
INFO:root:Latency: 0.09395742416381836
INFO:root:Latency: 0.0947868824005127
INFO:root:Latency: 0.09466052055358887
INFO:root:Latency: 0.09462308883666992
INFO:root:Latency: 0.09433984756469727
INFO:root:Latency: 0.09484529495239258
INFO:root:Latency: 0.09436511993408203
INFO:root:Latency: 0.15885424613952637
INFO:root:Latency: 0.10562467575073242
INFO:root:Latency: 0.10251712799072266
INFO:root:Latency: 0.09731674194335938
INFO:root:Latency: 0.09681177139282227
INFO:root:Latency: 0.09577083587646484
INFO:root:Latency: 0.09485483169555664
INFO:root:Latency: 0.09431838989257812
INFO:root:Latency: 0.10328531265258789
INFO:root:Latency: 0.10447931289672852
INFO:root:Latency: 0.17762374877929688
INFO:root:Latency: 0.1031961441040039
INFO:root:Latency: 0.10552597045898438
INFO:root:Latency: 0.09394264221191406
INFO:root:Latency: 0.0945744514465332
INFO:root:Latency: 0.0943293571472168
INFO:root:Latency: 0.09752583503723145
INFO:root:Latency: 0.09465718269348145
INFO:root:Latency: 0.09508132934570312
INFO:root:Latency: 0.09658002853393555
INFO:root:Latency: 0.16700243949890137
INFO:root:Latency: 0.1063079833984375
INFO:root:Latency: 0.11606049537658691
INFO:root:Latency: 0.09639310836791992
INFO:root:Latency: 0.09804201126098633
INFO:root:Latency: 0.09460639953613281
INFO:root:Latency: 0.09481048583984375
INFO:root:Latency: 0.09407234191894531
INFO:root:Latency: 0.09645318984985352
INFO:root:Latency: 0.09368085861206055
INFO:root:Latency: 0.17581629753112793
INFO:root:Latency: 0.10737395286560059
INFO:root:Latency: 0.11200141906738281
INFO:root:Latency: 0.10141897201538086
INFO:root:Latency: 0.1149759292602539
INFO:root:Latency: 0.11049985885620117
INFO:root:Latency: 0.11008620262145996
INFO:root:Latency: 0.10883736610412598
INFO:root:Latency: 0.11316537857055664
INFO:root:Latency: 0.10524940490722656
INFO:root:Latency: 0.17629170417785645
INFO:root:Latency: 0.10403299331665039
INFO:root:Latency: 0.10325026512145996
INFO:root:Latency: 0.10419273376464844
INFO:root:Latency: 0.09550881385803223
INFO:root:Latency: 0.09682917594909668
INFO:root:Latency: 0.0961008071899414
INFO:root:Latency: 0.09517312049865723
INFO:root:Latency: 0.0918126106262207
INFO:root:Latency: 0.09591269493103027
INFO:root:Latency: 0.17455196380615234
INFO:root:Latency: 0.1076202392578125
INFO:root:Latency: 0.10442280769348145
INFO:root:Latency: 0.09220027923583984
INFO:root:Latency: 0.09611821174621582
INFO:root:Latency: 0.09316706657409668
INFO:root:Latency: 0.09361624717712402
INFO:root:Latency: 0.09827542304992676
INFO:root:Latency: 0.0919196605682373
INFO:root:Latency: 0.09224581718444824
INFO:root:Latency: 0.1554563045501709
INFO:root:Latency: 0.10099077224731445
INFO:root:Latency: 0.11543607711791992
INFO:root:Latency: 0.09224820137023926
INFO:root:Latency: 0.09095430374145508
INFO:root:Latency: 0.09328484535217285
INFO:root:Latency: 0.09259152412414551
INFO:root:Latency: 0.08995318412780762
INFO:root:Latency: 0.09077739715576172
INFO:root:Latency: 0.09478616714477539
INFO:root:Latency: 0.14411592483520508
INFO:root:Latency: 0.10032105445861816
INFO:root:Latency: 0.10069155693054199
INFO:root:Latency: 0.09395551681518555
INFO:root:Latency: 0.09468340873718262
INFO:root:Latency: 0.0930030345916748
INFO:root:Latency: 0.09830045700073242
INFO:root:Latency: 0.09168672561645508
INFO:root:Latency: 0.09185576438903809
INFO:root:Latency: 0.09131789207458496
INFO:root:Latency: 0.14037752151489258
INFO:root:Latency: 0.09870314598083496
INFO:root:Latency: 0.09592366218566895
INFO:root:Latency: 0.09182453155517578
INFO:root:Latency: 0.08843541145324707
INFO:root:Latency: 0.08982181549072266
INFO:root:Latency: 0.08931469917297363
INFO:root:Latency: 0.08899784088134766
INFO:root:Latency: 0.08796906471252441
INFO:root:Latency: 0.08801054954528809
INFO:root:Latency: 0.14424657821655273
INFO:root:Latency: 0.099945068359375
INFO:root:Latency: 0.09389281272888184
INFO:root:Latency: 0.09030699729919434
INFO:root:Latency: 0.11875677108764648
INFO:root:Latency: 0.11268258094787598
INFO:root:Latency: 0.13235950469970703
INFO:root:Latency: 0.11113786697387695
INFO:root:Latency: 0.09159994125366211
INFO:root:Latency: 0.09464550018310547
INFO:root:Latency: 0.15245389938354492
INFO:root:Latency: 0.10097599029541016
INFO:root:Latency: 0.10251474380493164
INFO:root:Latency: 0.08896875381469727
INFO:root:Latency: 0.09398102760314941
INFO:root:Latency: 0.09066557884216309
INFO:root:Latency: 0.0987396240234375
INFO:root:Latency: 0.09908223152160645
INFO:root:Latency: 0.09215784072875977
INFO:root:Latency: 0.09038400650024414
INFO:root:Latency: 0.15445661544799805
INFO:root:Latency: 0.10336637496948242
INFO:root:Latency: 0.09521937370300293
INFO:root:Latency: 0.0896139144897461
INFO:root:Latency: 0.09879851341247559
INFO:root:Latency: 0.09004878997802734
INFO:root:Latency: 0.0895226001739502
INFO:root:Latency: 0.09032297134399414
INFO:root:Latency: 0.09495282173156738
INFO:root:Latency: 0.09628462791442871
INFO:root:Latency: 0.14574575424194336
INFO:root:Latency: 0.09847760200500488
INFO:root:Latency: 0.09484696388244629
INFO:root:Latency: 0.09386062622070312
INFO:root:Latency: 0.1054987907409668
INFO:root:Latency: 0.10062742233276367
INFO:root:Latency: 0.10031437873840332
INFO:root:Latency: 0.10637807846069336
INFO:root:Latency: 0.09060239791870117
INFO:root:Latency: 0.08831477165222168
INFO:root:Latency: 0.1606135368347168
INFO:root:Latency: 0.10481071472167969
INFO:root:Latency: 0.10773515701293945
INFO:root:Latency: 0.0925283432006836
INFO:root:Latency: 0.09178018569946289
INFO:root:Latency: 0.09189629554748535
INFO:root:Latency: 0.09393024444580078
INFO:root:Latency: 0.09127259254455566
INFO:root:Latency: 0.0907752513885498
